2024-06-25 18:27:35,925 [Worker-1: Loading available Gradle versions] INFO  o.e.b.c.i.u.g.PublishedGradleVersions - Gradle version information cache is up-to-date. Trying to read.
2024-06-25 18:30:06,432 [Worker-24: Launching mavenrun-dcfebd2c-6e59-40c2-bed0-b66c2da36e6d] INFO  o.eclipse.m2e.core.internal.Bundles - getClasspathEntries(Bundle=org.eclipse.m2e.maven.runtime_3.8.701.20230209-1606 [607])
2024-06-25 18:30:06,442 [Worker-24: Launching mavenrun-dcfebd2c-6e59-40c2-bed0-b66c2da36e6d] INFO  o.eclipse.m2e.core.internal.Bundles - 	Entry: C:\Users\tomar\.p2\pool\plugins\org.eclipse.m2e.maven.runtime_3.8.701.20230209-1606
2024-06-25 18:30:06,443 [Worker-24: Launching mavenrun-dcfebd2c-6e59-40c2-bed0-b66c2da36e6d] INFO  o.eclipse.m2e.core.internal.Bundles - 	Entry: C:\Users\tomar\.p2\pool\plugins\org.eclipse.m2e.maven.runtime_3.8.701.20230209-1606\jars\aether-connector-okhttp-0.17.8.jar
2024-06-25 18:30:06,740 [Worker-24: Launching mavenrun-dcfebd2c-6e59-40c2-bed0-b66c2da36e6d] INFO  o.eclipse.m2e.core.internal.Bundles - 	Entry: C:\Users\tomar\.p2\pool\plugins\org.eclipse.m2e.maven.runtime_3.8.701.20230209-1606\jars\commons-lang3-3.8.1.jar
2024-06-25 18:30:06,740 [Worker-24: Launching mavenrun-dcfebd2c-6e59-40c2-bed0-b66c2da36e6d] INFO  o.eclipse.m2e.core.internal.Bundles - 	Entry: C:\Users\tomar\.p2\pool\plugins\org.eclipse.m2e.maven.runtime_3.8.701.20230209-1606\jars\guice-4.2.2-no_aop.jar
2024-06-25 18:30:06,740 [Worker-24: Launching mavenrun-dcfebd2c-6e59-40c2-bed0-b66c2da36e6d] INFO  o.eclipse.m2e.core.internal.Bundles - 	Entry: C:\Users\tomar\.p2\pool\plugins\org.eclipse.m2e.maven.runtime_3.8.701.20230209-1606\jars\jansi-2.4.0.jar
2024-06-25 18:30:06,740 [Worker-24: Launching mavenrun-dcfebd2c-6e59-40c2-bed0-b66c2da36e6d] INFO  o.eclipse.m2e.core.internal.Bundles - 	Entry: C:\Users\tomar\.p2\pool\plugins\org.eclipse.m2e.maven.runtime_3.8.701.20230209-1606\jars\maven-artifact-3.8.7.jar
2024-06-25 18:30:06,741 [Worker-24: Launching mavenrun-dcfebd2c-6e59-40c2-bed0-b66c2da36e6d] INFO  o.eclipse.m2e.core.internal.Bundles - 	Entry: C:\Users\tomar\.p2\pool\plugins\org.eclipse.m2e.maven.runtime_3.8.701.20230209-1606\jars\maven-builder-support-3.8.7.jar
2024-06-25 18:30:06,741 [Worker-24: Launching mavenrun-dcfebd2c-6e59-40c2-bed0-b66c2da36e6d] INFO  o.eclipse.m2e.core.internal.Bundles - 	Entry: C:\Users\tomar\.p2\pool\plugins\org.eclipse.m2e.maven.runtime_3.8.701.20230209-1606\jars\maven-compat-3.8.7.jar
2024-06-25 18:30:06,741 [Worker-24: Launching mavenrun-dcfebd2c-6e59-40c2-bed0-b66c2da36e6d] INFO  o.eclipse.m2e.core.internal.Bundles - 	Entry: C:\Users\tomar\.p2\pool\plugins\org.eclipse.m2e.maven.runtime_3.8.701.20230209-1606\jars\maven-core-3.8.7.jar
2024-06-25 18:30:06,741 [Worker-24: Launching mavenrun-dcfebd2c-6e59-40c2-bed0-b66c2da36e6d] INFO  o.eclipse.m2e.core.internal.Bundles - 	Entry: C:\Users\tomar\.p2\pool\plugins\org.eclipse.m2e.maven.runtime_3.8.701.20230209-1606\jars\maven-embedder-3.8.7.jar
2024-06-25 18:30:06,741 [Worker-24: Launching mavenrun-dcfebd2c-6e59-40c2-bed0-b66c2da36e6d] INFO  o.eclipse.m2e.core.internal.Bundles - 	Entry: C:\Users\tomar\.p2\pool\plugins\org.eclipse.m2e.maven.runtime_3.8.701.20230209-1606\jars\maven-model-3.8.7.jar
2024-06-25 18:30:06,741 [Worker-24: Launching mavenrun-dcfebd2c-6e59-40c2-bed0-b66c2da36e6d] INFO  o.eclipse.m2e.core.internal.Bundles - 	Entry: C:\Users\tomar\.p2\pool\plugins\org.eclipse.m2e.maven.runtime_3.8.701.20230209-1606\jars\maven-model-builder-3.8.7.jar
2024-06-25 18:30:06,741 [Worker-24: Launching mavenrun-dcfebd2c-6e59-40c2-bed0-b66c2da36e6d] INFO  o.eclipse.m2e.core.internal.Bundles - 	Entry: C:\Users\tomar\.p2\pool\plugins\org.eclipse.m2e.maven.runtime_3.8.701.20230209-1606\jars\maven-plugin-api-3.8.7.jar
2024-06-25 18:30:06,742 [Worker-24: Launching mavenrun-dcfebd2c-6e59-40c2-bed0-b66c2da36e6d] INFO  o.eclipse.m2e.core.internal.Bundles - 	Entry: C:\Users\tomar\.p2\pool\plugins\org.eclipse.m2e.maven.runtime_3.8.701.20230209-1606\jars\maven-repository-metadata-3.8.7.jar
2024-06-25 18:30:06,742 [Worker-24: Launching mavenrun-dcfebd2c-6e59-40c2-bed0-b66c2da36e6d] INFO  o.eclipse.m2e.core.internal.Bundles - 	Entry: C:\Users\tomar\.p2\pool\plugins\org.eclipse.m2e.maven.runtime_3.8.701.20230209-1606\jars\maven-resolver-api-1.6.3.jar
2024-06-25 18:30:06,742 [Worker-24: Launching mavenrun-dcfebd2c-6e59-40c2-bed0-b66c2da36e6d] INFO  o.eclipse.m2e.core.internal.Bundles - 	Entry: C:\Users\tomar\.p2\pool\plugins\org.eclipse.m2e.maven.runtime_3.8.701.20230209-1606\jars\maven-resolver-connector-basic-1.6.3.jar
2024-06-25 18:30:06,742 [Worker-24: Launching mavenrun-dcfebd2c-6e59-40c2-bed0-b66c2da36e6d] INFO  o.eclipse.m2e.core.internal.Bundles - 	Entry: C:\Users\tomar\.p2\pool\plugins\org.eclipse.m2e.maven.runtime_3.8.701.20230209-1606\jars\maven-resolver-impl-1.6.3.jar
2024-06-25 18:30:06,742 [Worker-24: Launching mavenrun-dcfebd2c-6e59-40c2-bed0-b66c2da36e6d] INFO  o.eclipse.m2e.core.internal.Bundles - 	Entry: C:\Users\tomar\.p2\pool\plugins\org.eclipse.m2e.maven.runtime_3.8.701.20230209-1606\jars\maven-resolver-provider-3.8.7.jar
2024-06-25 18:30:06,742 [Worker-24: Launching mavenrun-dcfebd2c-6e59-40c2-bed0-b66c2da36e6d] INFO  o.eclipse.m2e.core.internal.Bundles - 	Entry: C:\Users\tomar\.p2\pool\plugins\org.eclipse.m2e.maven.runtime_3.8.701.20230209-1606\jars\maven-resolver-spi-1.6.3.jar
2024-06-25 18:30:06,742 [Worker-24: Launching mavenrun-dcfebd2c-6e59-40c2-bed0-b66c2da36e6d] INFO  o.eclipse.m2e.core.internal.Bundles - 	Entry: C:\Users\tomar\.p2\pool\plugins\org.eclipse.m2e.maven.runtime_3.8.701.20230209-1606\jars\maven-resolver-transport-wagon-1.6.3.jar
2024-06-25 18:30:06,743 [Worker-24: Launching mavenrun-dcfebd2c-6e59-40c2-bed0-b66c2da36e6d] INFO  o.eclipse.m2e.core.internal.Bundles - 	Entry: C:\Users\tomar\.p2\pool\plugins\org.eclipse.m2e.maven.runtime_3.8.701.20230209-1606\jars\maven-resolver-util-1.6.3.jar
2024-06-25 18:30:06,743 [Worker-24: Launching mavenrun-dcfebd2c-6e59-40c2-bed0-b66c2da36e6d] INFO  o.eclipse.m2e.core.internal.Bundles - 	Entry: C:\Users\tomar\.p2\pool\plugins\org.eclipse.m2e.maven.runtime_3.8.701.20230209-1606\jars\maven-settings-3.8.7.jar
2024-06-25 18:30:06,743 [Worker-24: Launching mavenrun-dcfebd2c-6e59-40c2-bed0-b66c2da36e6d] INFO  o.eclipse.m2e.core.internal.Bundles - 	Entry: C:\Users\tomar\.p2\pool\plugins\org.eclipse.m2e.maven.runtime_3.8.701.20230209-1606\jars\maven-settings-builder-3.8.7.jar
2024-06-25 18:30:06,743 [Worker-24: Launching mavenrun-dcfebd2c-6e59-40c2-bed0-b66c2da36e6d] INFO  o.eclipse.m2e.core.internal.Bundles - 	Entry: C:\Users\tomar\.p2\pool\plugins\org.eclipse.m2e.maven.runtime_3.8.701.20230209-1606\jars\maven-shared-utils-3.3.4.jar
2024-06-25 18:30:06,743 [Worker-24: Launching mavenrun-dcfebd2c-6e59-40c2-bed0-b66c2da36e6d] INFO  o.eclipse.m2e.core.internal.Bundles - 	Entry: C:\Users\tomar\.p2\pool\plugins\org.eclipse.m2e.maven.runtime_3.8.701.20230209-1606\jars\okhttp-3.14.1.jar
2024-06-25 18:30:06,743 [Worker-24: Launching mavenrun-dcfebd2c-6e59-40c2-bed0-b66c2da36e6d] INFO  o.eclipse.m2e.core.internal.Bundles - 	Entry: C:\Users\tomar\.p2\pool\plugins\org.eclipse.m2e.maven.runtime_3.8.701.20230209-1606\jars\okio-1.17.3.jar
2024-06-25 18:30:06,744 [Worker-24: Launching mavenrun-dcfebd2c-6e59-40c2-bed0-b66c2da36e6d] INFO  o.eclipse.m2e.core.internal.Bundles - 	Entry: C:\Users\tomar\.p2\pool\plugins\org.eclipse.m2e.maven.runtime_3.8.701.20230209-1606\jars\org.eclipse.sisu.inject-0.3.5.jar
2024-06-25 18:30:06,744 [Worker-24: Launching mavenrun-dcfebd2c-6e59-40c2-bed0-b66c2da36e6d] INFO  o.eclipse.m2e.core.internal.Bundles - 	Entry: C:\Users\tomar\.p2\pool\plugins\org.eclipse.m2e.maven.runtime_3.8.701.20230209-1606\jars\org.eclipse.sisu.plexus-0.3.5.jar
2024-06-25 18:30:06,744 [Worker-24: Launching mavenrun-dcfebd2c-6e59-40c2-bed0-b66c2da36e6d] INFO  o.eclipse.m2e.core.internal.Bundles - 	Entry: C:\Users\tomar\.p2\pool\plugins\org.eclipse.m2e.maven.runtime_3.8.701.20230209-1606\jars\plexus-build-api-0.0.7.jar
2024-06-25 18:30:06,744 [Worker-24: Launching mavenrun-dcfebd2c-6e59-40c2-bed0-b66c2da36e6d] INFO  o.eclipse.m2e.core.internal.Bundles - 	Entry: C:\Users\tomar\.p2\pool\plugins\org.eclipse.m2e.maven.runtime_3.8.701.20230209-1606\jars\plexus-cipher-2.0.jar
2024-06-25 18:30:06,744 [Worker-24: Launching mavenrun-dcfebd2c-6e59-40c2-bed0-b66c2da36e6d] INFO  o.eclipse.m2e.core.internal.Bundles - 	Entry: C:\Users\tomar\.p2\pool\plugins\org.eclipse.m2e.maven.runtime_3.8.701.20230209-1606\jars\plexus-classworlds-2.6.0.jar
2024-06-25 18:30:06,744 [Worker-24: Launching mavenrun-dcfebd2c-6e59-40c2-bed0-b66c2da36e6d] INFO  o.eclipse.m2e.core.internal.Bundles - 	Entry: C:\Users\tomar\.p2\pool\plugins\org.eclipse.m2e.maven.runtime_3.8.701.20230209-1606\jars\plexus-component-annotations-2.1.0.jar
2024-06-25 18:30:06,744 [Worker-24: Launching mavenrun-dcfebd2c-6e59-40c2-bed0-b66c2da36e6d] INFO  o.eclipse.m2e.core.internal.Bundles - 	Entry: C:\Users\tomar\.p2\pool\plugins\org.eclipse.m2e.maven.runtime_3.8.701.20230209-1606\jars\plexus-interpolation-1.26.jar
2024-06-25 18:30:06,745 [Worker-24: Launching mavenrun-dcfebd2c-6e59-40c2-bed0-b66c2da36e6d] INFO  o.eclipse.m2e.core.internal.Bundles - 	Entry: C:\Users\tomar\.p2\pool\plugins\org.eclipse.m2e.maven.runtime_3.8.701.20230209-1606\jars\plexus-sec-dispatcher-2.0.jar
2024-06-25 18:30:06,745 [Worker-24: Launching mavenrun-dcfebd2c-6e59-40c2-bed0-b66c2da36e6d] INFO  o.eclipse.m2e.core.internal.Bundles - 	Entry: C:\Users\tomar\.p2\pool\plugins\org.eclipse.m2e.maven.runtime_3.8.701.20230209-1606\jars\plexus-utils-3.3.1.jar
2024-06-25 18:30:06,745 [Worker-24: Launching mavenrun-dcfebd2c-6e59-40c2-bed0-b66c2da36e6d] INFO  o.eclipse.m2e.core.internal.Bundles - 	Entry: C:\Users\tomar\.p2\pool\plugins\org.eclipse.m2e.maven.runtime_3.8.701.20230209-1606\jars\wagon-file-3.5.3.jar
2024-06-25 18:30:06,745 [Worker-24: Launching mavenrun-dcfebd2c-6e59-40c2-bed0-b66c2da36e6d] INFO  o.eclipse.m2e.core.internal.Bundles - 	Entry: C:\Users\tomar\.p2\pool\plugins\org.eclipse.m2e.maven.runtime_3.8.701.20230209-1606\jars\wagon-provider-api-3.5.3.jar
2024-06-25 18:30:06,747 [Worker-24: Launching mavenrun-dcfebd2c-6e59-40c2-bed0-b66c2da36e6d] INFO  o.eclipse.m2e.core.internal.Bundles - getClasspathEntries(Bundle=com.google.guava_31.1.0.jre [11])
2024-06-25 18:30:06,748 [Worker-24: Launching mavenrun-dcfebd2c-6e59-40c2-bed0-b66c2da36e6d] INFO  o.eclipse.m2e.core.internal.Bundles - 	Entry: C:\Users\tomar\.p2\pool\plugins\com.google.guava_31.1.0.jre.jar
2024-06-25 18:30:06,748 [Worker-24: Launching mavenrun-dcfebd2c-6e59-40c2-bed0-b66c2da36e6d] INFO  o.eclipse.m2e.core.internal.Bundles - getClasspathEntries(Bundle=slf4j.api_1.7.36 [921])
2024-06-25 18:30:06,749 [Worker-24: Launching mavenrun-dcfebd2c-6e59-40c2-bed0-b66c2da36e6d] INFO  o.eclipse.m2e.core.internal.Bundles - 	Entry: C:\Users\tomar\.p2\pool\plugins\slf4j.api_1.7.36.jar
2024-06-25 18:30:06,750 [Worker-24: Launching mavenrun-dcfebd2c-6e59-40c2-bed0-b66c2da36e6d] INFO  o.eclipse.m2e.core.internal.Bundles - getClasspathEntries(Bundle=javax.inject_1.0.0.v20220405-0441 [35])
2024-06-25 18:30:06,751 [Worker-24: Launching mavenrun-dcfebd2c-6e59-40c2-bed0-b66c2da36e6d] INFO  o.eclipse.m2e.core.internal.Bundles - 	Entry: C:\Users\tomar\.p2\pool\plugins\javax.inject_1.0.0.v20220405-0441.jar
2024-06-25 18:30:06,752 [Worker-24: Launching mavenrun-dcfebd2c-6e59-40c2-bed0-b66c2da36e6d] INFO  o.eclipse.m2e.core.internal.Bundles - getClasspathEntries(Bundle=javax.annotation_1.3.5.v20221203-1659 [33])
2024-06-25 18:30:06,753 [Worker-24: Launching mavenrun-dcfebd2c-6e59-40c2-bed0-b66c2da36e6d] INFO  o.eclipse.m2e.core.internal.Bundles - 	Entry: C:\Users\tomar\.p2\pool\plugins\javax.annotation_1.3.5.v20221203-1659.jar
2024-06-25 18:30:06,754 [Worker-24: Launching mavenrun-dcfebd2c-6e59-40c2-bed0-b66c2da36e6d] INFO  o.eclipse.m2e.core.internal.Bundles - getClasspathEntries(Bundle=org.apache.commons.cli_1.4.0.v20221112-0806 [67])
2024-06-25 18:30:06,755 [Worker-24: Launching mavenrun-dcfebd2c-6e59-40c2-bed0-b66c2da36e6d] INFO  o.eclipse.m2e.core.internal.Bundles - 	Entry: C:\Users\tomar\.p2\pool\plugins\org.apache.commons.cli_1.4.0.v20221112-0806.jar
2024-06-25 18:30:06,755 [Worker-24: Launching mavenrun-dcfebd2c-6e59-40c2-bed0-b66c2da36e6d] INFO  o.eclipse.m2e.core.internal.Bundles - getClasspathEntries(Bundle=com.google.guava.failureaccess_1.0.1 [13])
2024-06-25 18:30:06,756 [Worker-24: Launching mavenrun-dcfebd2c-6e59-40c2-bed0-b66c2da36e6d] INFO  o.eclipse.m2e.core.internal.Bundles - 	Entry: C:\Users\tomar\.p2\pool\plugins\com.google.guava.failureaccess_1.0.1.jar
2024-06-25 18:30:06,787 [Worker-24: Launching mavenrun-dcfebd2c-6e59-40c2-bed0-b66c2da36e6d] INFO  o.e.m.i.launch.MavenLaunchDelegate - Run build in "C:\Users\tomar\AppData\Local\Temp\m2e-archetypeGenerator9036027294419880757":
2024-06-25 18:30:06,791 [Worker-24: Launching mavenrun-dcfebd2c-6e59-40c2-bed0-b66c2da36e6d] INFO  o.e.m.i.launch.MavenLaunchDelegate -  mvn  -DarchetypeGroupId=org.apache.maven.archetypes -DarchetypeArtifactId=maven-archetype-quickstart -DarchetypeVersion=1.1 -DgroupId=com.Hibernate -DartifactId=HibernateProject -Dversion=0.0.1-SNAPSHOT -Dpackage=com.Hibernate.HibernateProject -DoutputDirectory="D:\Dhanuj Tomar\Projects\Java\Learn_Hibernate" -Dstyle.color=always -U archetype:generate
2024-06-25 18:30:21,752 [Worker-23: Creating maven-archetype-quickstart] INFO  o.e.m.c.i.p.ProjectConfigurationManager - Collecting project info '/pom.xml' D:\Dhanuj Tomar\Projects\Java\Learn_Hibernate\HibernateProject\pom.xml
2024-06-25 18:30:22,431 [Worker-23: Creating maven-archetype-quickstart] INFO  o.e.m.c.i.l.LifecycleMappingFactory - Using org.eclipse.m2e.jdt.JarLifecycleMapping lifecycle mapping for MavenProject: com.Hibernate:HibernateProject:0.0.1-SNAPSHOT @ D:\Dhanuj Tomar\Projects\Java\Learn_Hibernate\HibernateProject\pom.xml.
2024-06-25 18:30:22,835 [Worker-23: Creating maven-archetype-quickstart] INFO  o.e.m.j.i.AbstractJavaProjectConfigurator - Adding source folder /HibernateProject/src/main/java
2024-06-25 18:30:22,840 [Worker-23: Creating maven-archetype-quickstart] INFO  o.e.m.j.i.AbstractJavaProjectConfigurator - Adding source folder /HibernateProject/src/test/java
2024-06-25 18:30:22,842 [Worker-23: Creating maven-archetype-quickstart] ERROR o.e.m.j.i.AbstractJavaProjectConfigurator - Failed to find a compatible VM for environment id 'J2SE-1.5', falling back to workspace default
2024-06-25 18:30:22,939 [Worker-23: Creating maven-archetype-quickstart] INFO  o.e.m.c.i.p.ProjectConfigurationManager - Imported and configured 1 project(s) in 1 sec
2024-06-25 18:30:23,871 [Worker-25: Building] INFO  o.e.m.c.i.embedder.EclipseLogger - Using 'UTF-8' encoding to copy filtered resources.
2024-06-25 18:30:23,871 [Worker-25: Building] INFO  o.e.m.c.i.embedder.EclipseLogger - skip non existing resourceDirectory D:\Dhanuj Tomar\Projects\Java\Learn_Hibernate\HibernateProject\src\main\resources
2024-06-25 18:30:23,875 [Worker-25: Building] INFO  o.e.m.c.i.embedder.EclipseLogger - Using 'UTF-8' encoding to copy filtered resources.
2024-06-25 18:30:23,876 [Worker-25: Building] INFO  o.e.m.c.i.embedder.EclipseLogger - skip non existing resourceDirectory D:\Dhanuj Tomar\Projects\Java\Learn_Hibernate\HibernateProject\src\test\resources
2024-06-25 18:32:51,188 [Worker-29: Building] INFO  o.e.m.c.i.embedder.EclipseLogger - Using 'UTF-8' encoding to copy filtered resources.
2024-06-25 18:32:51,188 [Worker-29: Building] INFO  o.e.m.c.i.embedder.EclipseLogger - skip non existing resourceDirectory D:\Dhanuj Tomar\Projects\Java\Learn_Hibernate\HibernateProject\src\main\resources
2024-06-25 18:32:51,193 [Worker-29: Building] INFO  o.e.m.c.i.embedder.EclipseLogger - Using 'UTF-8' encoding to copy filtered resources.
2024-06-25 18:32:51,193 [Worker-29: Building] INFO  o.e.m.c.i.embedder.EclipseLogger - skip non existing resourceDirectory D:\Dhanuj Tomar\Projects\Java\Learn_Hibernate\HibernateProject\src\test\resources
2024-06-25 18:34:41,639 [Worker-23: Building] INFO  o.e.m.c.i.embedder.EclipseLogger - Using 'UTF-8' encoding to copy filtered resources.
2024-06-25 18:34:41,639 [Worker-23: Building] INFO  o.e.m.c.i.embedder.EclipseLogger - skip non existing resourceDirectory D:\Dhanuj Tomar\Projects\Java\Learn_Hibernate\HibernateProject\src\main\resources
2024-06-25 18:34:41,641 [Worker-23: Building] INFO  o.e.m.c.i.embedder.EclipseLogger - Using 'UTF-8' encoding to copy filtered resources.
2024-06-25 18:34:41,641 [Worker-23: Building] INFO  o.e.m.c.i.embedder.EclipseLogger - skip non existing resourceDirectory D:\Dhanuj Tomar\Projects\Java\Learn_Hibernate\HibernateProject\src\test\resources
2024-06-25 18:35:51,192 [Worker-32: Building] INFO  o.e.m.c.i.embedder.EclipseLogger - Using 'UTF-8' encoding to copy filtered resources.
2024-06-25 18:35:51,192 [Worker-32: Building] INFO  o.e.m.c.i.embedder.EclipseLogger - skip non existing resourceDirectory D:\Dhanuj Tomar\Projects\Java\Learn_Hibernate\HibernateProject\src\main\resources
2024-06-25 18:35:51,196 [Worker-32: Building] INFO  o.e.m.c.i.embedder.EclipseLogger - Using 'UTF-8' encoding to copy filtered resources.
2024-06-25 18:35:51,197 [Worker-32: Building] INFO  o.e.m.c.i.embedder.EclipseLogger - skip non existing resourceDirectory D:\Dhanuj Tomar\Projects\Java\Learn_Hibernate\HibernateProject\src\test\resources
2024-06-25 18:39:18,025 [Worker-34: Building] INFO  o.e.m.c.i.l.LifecycleMappingFactory - Using org.eclipse.m2e.jdt.JarLifecycleMapping lifecycle mapping for MavenProject: com.Hibernate:HibernateProject:0.0.1-SNAPSHOT @ D:\Dhanuj Tomar\Projects\Java\Learn_Hibernate\HibernateProject\pom.xml.
2024-06-25 18:39:18,646 [Worker-34: Building] INFO  o.e.m.c.i.embedder.EclipseLogger - Using 'UTF-8' encoding to copy filtered resources.
2024-06-25 18:39:18,646 [Worker-34: Building] INFO  o.e.m.c.i.embedder.EclipseLogger - skip non existing resourceDirectory D:\Dhanuj Tomar\Projects\Java\Learn_Hibernate\HibernateProject\src\main\resources
2024-06-25 18:39:18,653 [Worker-34: Building] INFO  o.e.m.c.i.embedder.EclipseLogger - Using 'UTF-8' encoding to copy filtered resources.
2024-06-25 18:39:18,653 [Worker-34: Building] INFO  o.e.m.c.i.embedder.EclipseLogger - skip non existing resourceDirectory D:\Dhanuj Tomar\Projects\Java\Learn_Hibernate\HibernateProject\src\test\resources
2024-06-25 18:39:19,553 [Worker-32: Download sources and javadoc] INFO  o.e.m.c.i.e.AbstractTransferListenerAdapter - Downloading https://repo.maven.apache.org/maven2/com/mysql/mysql-connector-j/8.3.0/mysql-connector-j-8.3.0-sources.jar
2024-06-25 18:39:20,981 [Worker-32: Download sources and javadoc] INFO  o.e.m.c.i.e.AbstractTransferListenerAdapter - Downloaded https://repo.maven.apache.org/maven2/com/mysql/mysql-connector-j/8.3.0/mysql-connector-j-8.3.0-sources.jar
2024-06-25 18:39:20,989 [Worker-32: Download sources and javadoc] INFO  o.e.m.j.internal.DownloadSourcesJob - Downloaded sources for com.mysql:mysql-connector-j:8.3.0
2024-06-25 18:39:21,096 [Worker-32: Download sources and javadoc] INFO  o.e.m.c.i.e.AbstractTransferListenerAdapter - Downloading https://repo.maven.apache.org/maven2/com/google/protobuf/protobuf-java/3.25.1/protobuf-java-3.25.1-sources.jar
2024-06-25 18:39:21,683 [Worker-32: Download sources and javadoc] INFO  o.e.m.c.i.e.AbstractTransferListenerAdapter - Downloaded https://repo.maven.apache.org/maven2/com/google/protobuf/protobuf-java/3.25.1/protobuf-java-3.25.1-sources.jar
2024-06-25 18:39:21,687 [Worker-32: Download sources and javadoc] INFO  o.e.m.j.internal.DownloadSourcesJob - Downloaded sources for com.google.protobuf:protobuf-java:3.25.1
2024-06-25 18:40:35,671 [Worker-33: Building] INFO  o.e.m.c.i.embedder.EclipseLogger - Using 'UTF-8' encoding to copy filtered resources.
2024-06-25 18:40:35,671 [Worker-33: Building] INFO  o.e.m.c.i.embedder.EclipseLogger - skip non existing resourceDirectory D:\Dhanuj Tomar\Projects\Java\Learn_Hibernate\HibernateProject\src\main\resources
2024-06-25 18:40:35,672 [Worker-33: Building] INFO  o.e.m.c.i.embedder.EclipseLogger - Using 'UTF-8' encoding to copy filtered resources.
2024-06-25 18:40:35,672 [Worker-33: Building] INFO  o.e.m.c.i.embedder.EclipseLogger - skip non existing resourceDirectory D:\Dhanuj Tomar\Projects\Java\Learn_Hibernate\HibernateProject\src\test\resources
2024-06-25 18:43:16,005 [Worker-44: Building] INFO  o.e.m.c.i.embedder.EclipseLogger - Using 'UTF-8' encoding to copy filtered resources.
2024-06-25 18:43:16,005 [Worker-44: Building] INFO  o.e.m.c.i.embedder.EclipseLogger - skip non existing resourceDirectory D:\Dhanuj Tomar\Projects\Java\Learn_Hibernate\HibernateProject\src\main\resources
2024-06-25 18:43:16,006 [Worker-44: Building] INFO  o.e.m.c.i.embedder.EclipseLogger - Using 'UTF-8' encoding to copy filtered resources.
2024-06-25 18:43:16,006 [Worker-44: Building] INFO  o.e.m.c.i.embedder.EclipseLogger - skip non existing resourceDirectory D:\Dhanuj Tomar\Projects\Java\Learn_Hibernate\HibernateProject\src\test\resources
